Mdi:ArrangeIcons
wm geometry .sigmgr 367x200+1212+92
Mdi:ArrangeIcons
Mdi:ArrangeIcons
ScopeSigMgr:loadpffile {{C:/Users/Administrator/Desktop/Tamrin For Sending/Tamrin 2/nmos/BarEshba/buffer.tr0}} 1 openonly
# PF:5
GrXY:NewGraph
# Graph0
pf:read PF:5 v(ina) v(out)
# WF:5:1 WF:5:2
Graph addsignal {WF:5:1 WF:5:2} -region {new new} -yview {real(y) real(y)} -xview {real(x) real(x)} -tracehi {2 2}
# Signal0 Signal1
ScopeSigMgr:Unload 0 {{(4) buffer.tr0}}
Graph0 delsignal Signal0
Graph0 delsignal Signal1
Mdi:ArrangeIcons
Mdi:ArrangeIcons
Mdi:ArrangeIcons
ScopeSigMgr:loadpffile {{C:/Users/Administrator/Desktop/Tamrin For Sending/Tamrin 2/nmos/BarEshba/buffer.tr0}} 1 openonly
# PF:6
pf:read PF:6 v(ina) v(out)
# WF:6:1 WF:6:2
Graph addsignal {WF:6:1 WF:6:2} -region {new new} -yview {real(y) real(y)} -xview {real(x) real(x)} -tracehi {2 2}
# Signal0 Signal1
ScopeSigMgr:Unload 0 {{(4) buffer.tr0}}
Graph0 delsignal Signal0
Graph0 delsignal Signal1
Mdi:ArrangeIcons
Mdi:ArrangeIcons
Mdi:ArrangeIcons
Mdi:ArrangeIcons
Mdi:ArrangeIcons
Mdi:ArrangeIcons
Mdi:ArrangeIcons
ScopeSigMgr:loadpffile {{C:/Users/Administrator/Desktop/Tamrin For Sending/Tamrin 2/nmos/BarEshba/buffer.sw0}} 1 openonly
# PF:7
pf:read PF:7 v(out)
# WF:7:1
Graph addsignal WF:7:1 -region new -yview real(y) -xview real(x) -tracehi 2
# Signal0
Graph:DSel
Graph:Select Graph0
ScopeSigMgr:Unload 0 {{(4) buffer.sw0}}
GrMeas:Levels Graph0 Signal0 {Maximum Minimum} xyrangeAll
# M:0
Mdi:ArrangeIcons
Graph:DSel
GrMeas:Slope Graph0 Signal0 {} none xyrangeAll
# M:1
Graph:DSel
GrMeas:Select Graph0 M:1 0
GrMeas:MovePoint Graph0 M:1 0 0.59113294362507 0.47336276189602
GrMeas:DelMfromMenu Graph0 M:1
Mdi:ArrangeIcons
GrMeas:AtX Graph0 Signal0 {} xyrangeVisible
# M:2
Graph:DSel
GrMeas:Select Graph0 M:2 0 1
GrMeas:MovePoint Graph0 M:2 0 0.80710076667279 0.35370445038521
GrMeas:AtX Graph0 Signal0 {} xyrangeVisible
# M:3
Graph:DSel
GrMeas:Select Graph0 M:3 0 1
GrMeas:MovePoint Graph0 M:3 0 0.0 0.90072000721118
Graph:DSel
Mdi:ArrangeIcons
Mdi:ArrangeIcons
.frame1.mdi.mdi8.work.graph0 save -file {C:/Users/Administrator/Desktop/Tamrin For Sending/Tamrin 2/nmos/BarEshba/NoiseMargin.png} -format png  -x 0 -y 0 -w 488 -h 368 -colormode color
ScopeSigMgr:Unload 0 {{(4) buffer.sw0}}
Graph0 delsignal Signal0
Mdi:ArrangeIcons
Mdi:ArrangeIcons
Mdi:ArrangeIcons
ScopeSigMgr:loadpffile {{C:/Users/Administrator/Desktop/Tamrin For Sending/Tamrin 2/nmos/BarEshba/buffer.tr0}} 1 openonly
# PF:8
pf:read PF:8 v(out)
# WF:8:1
Graph addsignal WF:8:1 -region new -yview real(y) -xview real(x) -tracehi 2
# Signal0
Mdi:ArrangeIcons
Mdi:ArrangeIcons
Mdi:ArrangeIcons
Mdi:ArrangeIcons
ScopeSigMgr:loadpffile {{C:/Users/Administrator/Desktop/Tamrin For Sending/Tamrin 2/nmos/BarEshba/buffer.tr0}} 1 openonly
# PF:9
pf:read PF:9 v(out)
# WF:9:1
Graph addsignal WF:9:1 -region new -yview real(y) -xview real(x) -tracehi 2
# Signal1
Graph:Select Graph0
Graph:DSel
Graph itemselect Signal1 add
# Signal1
Graph sigconfig Signal1 -region 0 -rgnindex 1
Mdi:ArrangeIcons
Mdi:ArrangeIcons
Mdi:ArrangeIcons
Mdi:ArrangeIcons
ScopeSigMgr:loadpffile {{C:/Users/Administrator/Desktop/Tamrin For Sending/Tamrin 2/nmos/BarEshba/buffer.tr0}} 1 openonly
# PF:9
Mdi:ArrangeIcons
Mdi:ArrangeIcons
Mdi:ArrangeIcons
Mdi:ArrangeIcons
ScopeSigMgr:loadpffile {{C:/Users/Administrator/Desktop/Tamrin For Sending/Tamrin 2/nmos/BarEshba/buffer.tr0}} 1 openonly
# PF:10
Graph:DSel
pf:read PF:10 v(out)
# WF:10:1
Graph addsignal WF:10:1 -region new -yview real(y) -xview real(x) -tracehi 2
# Signal2
Graph:Select Graph0
Graph:DSel
Graph itemselect Signal2 add
# Signal2
Graph sigconfig Signal2 -region 0 -rgnindex 2
Mdi:ArrangeIcons
Mdi:ArrangeIcons
Mdi:ArrangeIcons
Mdi:ArrangeIcons
ScopeSigMgr:loadpffile {{C:/Users/Administrator/Desktop/Tamrin For Sending/Tamrin 2/nmos/BarEshba/buffer.tr0}} 1 openonly
# PF:11
Graph:DSel
pf:read PF:11 v(out)
# WF:11:1
Graph addsignal WF:11:1 -region new -yview real(y) -xview real(x) -tracehi 2
# Signal3
Graph:Select Graph0
Graph:DSel
Graph itemselect Signal3 add
# Signal3
Graph sigconfig Signal3 -region 0 -rgnindex 3
Graph:DSel
Graph:DSel
Graph axisconfig {AxisY(0,0) AxisX(0)} -range {{0.94851250988767 0.73061010026766} {15.177n 32.831n}}
Graph:DSel
Graph axisconfig {AxisY(0,0) AxisX(0)} -range {{0.92001050746697 0.81125632111051} {17.08500625n 24.92497222n}}
Graph axisconfig {AxisX(0) AxisY(0,0)} -range {all all} -zoomed {0 0}
Mdi:ArrangeIcons
Mdi:ArrangeIcons
Mdi:ArrangeIcons
Mdi:ArrangeIcons
Mdi:ArrangeIcons
.frame1.mdi.mdi8.work.graph0 save -file {C:/Users/Administrator/Desktop/Tamrin For Sending/Tamrin 2/nmos/BarEshba/FanOut.png} -format png  -x 0 -y 0 -w 488 -h 368 -colormode color
ScopeSigMgr:Unload 0 {{(7) buffer.tr0}}
ScopeSigMgr:Unload 0 {{(7) buffer.tr0}}
ScopeSigMgr:Unload 0 {{(4) buffer.tr0}}
ScopeSigMgr:Unload 0 {{(5) buffer.tr0}}
ScopeSigMgr:Unload 0 {{(6) buffer.tr0}}
